La génération a démarré 2014-11-16 21:24:46.
     1>Projet "C:\Users\Francis\Documents\Structures de données\tp2structure\tp2structure\tp2structure.vcxproj" sur le nœud 2 (Build cible(s)).
     1>ClCompile:
         C:\Program Files (x86)\Microsoft Visual Studio 12.0\VC\bin\CL.exe /c /Zi /nologo /W3 /WX- /O2 /Oi /Oy- /GL /D WIN32 /D NDEBUG /D _CONSOLE /D _LIB /D _UNICODE /D UNICODE /Gm- /EHsc /MD /GS /Gy /fp:precise /Zc:wchar_t /Zc:forScope /Fo"Release\\" /Fd"Release\vc120.pdb" /Gd /TP /analyze- /errorReport:prompt FileAttente.cpp FonctionRechercheMenu.cpp main.cpp
         FileAttente.cpp
     1>FileAttente.cpp(192): warning C4018: '<' : incompatibilité signed/unsigned
         FonctionRechercheMenu.cpp
         main.cpp
       Link:
         C:\Program Files (x86)\Microsoft Visual Studio 12.0\VC\bin\link.exe /ERRORREPORT:PROMPT /OUT:"C:\Users\Francis\Documents\Structures de données\tp2structure\Release\tp2structure.exe" /INCREMENTAL:NO /NOLOGO kernel32.lib user32.lib gdi32.lib winspool.lib comdlg32.lib advapi32.lib shell32.lib ole32.lib oleaut32.lib uuid.lib odbc32.lib odbccp32.lib /MANIFEST /MANIFESTUAC:"level='asInvoker' uiAccess='false'" /manifest:embed /DEBUG /PDB:"C:\Users\Francis\Documents\Structures de données\tp2structure\Release\tp2structure.pdb" /SUBSYSTEM:CONSOLE /OPT:REF /OPT:ICF /LTCG /TLBID:1 /DYNAMICBASE /NXCOMPAT /IMPLIB:"C:\Users\Francis\Documents\Structures de données\tp2structure\Release\tp2structure.lib" /MACHINE:X86 /SAFESEH Release\ClientEnAttente.obj
         Release\FileAttente.obj
         Release\FonctionRechercheMenu.obj
         Release\GestionTable.obj
         Release\main.obj
         Release\Section.obj
         Génération de code en cours
         Fin de la génération du code
         tp2structure.vcxproj -> C:\Users\Francis\Documents\Structures de données\tp2structure\Release\tp2structure.exe
     1>Génération du projet "C:\Users\Francis\Documents\Structures de données\tp2structure\tp2structure\tp2structure.vcxproj" terminée (Build cible(s)).

La génération a réussi.

Temps écoulé 00:00:01.99
